OS macros executor: changes log

Version 3.0:
• Rebuilding the app for the MSVC RTL 143 (2022);
  - Fixed possible memory breach based on string values marshalling;
• Implemented the ability to open localized ADP, SCP and Welcome pages;
• Required framework version updated from 4.0 to 4.8;
• Removed obsolete code

Version 2.10.142:
• Rebuilding the app for the MSVC RTL 142 (2015 – 2022);
• Current improvements and updates applied

Version 2.10.2:
• Fixed the bug that affected the file association method

Version 2.10:
• Parsing methods for ADP and projects descriptions have been upgraded;
• Current updates and improvements applied

Version 2.9.37:
• Implemented the updates downloading directly from the “About the app” interface. This function
  requires DPModule. It allows you to download DPModule if it was not previously installed

Version 2.9.3:
• Current updates and improvements applied;
• Versions of the editor and the executor have been unified (1.7.1 >> 2.9.3)

Version 2.9 (executor version 1.7.1):
• App got the scalable icon and the digital signature (only self-signed for now);
• Applied some updates for core assemblies

Version 2.8.17 (executor version 1.7):
• Updated internal mechanism of checking for updates (applied compatibility with new GitHub theme);
• Updated link to videoguide

Version 2.8.15 (executor version 1.7):
• Added the registry access checker: it will show recommended actions for the executable file
  when Windows doesn’t allow saving settings;
• Applied new elements in user interface;
• AboutForm and HardWorkExecutor universal classes have been upgraded and improved;
• Update link for ADP

Version 2.8 (executor version 1.7):
• Added “wait for change of pixel’s color” command. It allows to pause execution until noticeable 
  changes appear on the screen (some application has finished loading, some process has ended, etc);
• Fixed some interface bugs

Version 2.7.1 (executor version 1.6):
• Updated link and text presenter for ADP;
• Applied fixed icons

Version 2.7 (executor version 1.6):
• New identity applied;
• New links to RD AAOW FDL added;
• Added direct lab link

Version 2.6.5 (executor version 1.5):
• Added ability to “ask developer” via E-mail for help, or send wish, advice or bug report;
• Applied new paths processor

Version 2.6.4 (executor version 1.5):
• Fixed bug in Policy acception interface that disallowed to accept it in offline mode at first start

Version 2.6.3 (executor version 1.5):
• Added ability to register file associations;
• Added protection against multiple launch for macros editor;
• Added ability to open .macro files for editing from command line / by file association

Version 2.6.2 (executor version 1.5):
• Added cycle commands (cycle begin and cycle end) that allow to repeat segments of macros

Version 2.6 (executor version 1.4u):
• Cumulative updates applied

Version 2.5.3i (executor version 1.4u):
• Application info interface now able to get last release’s changes log;
• Found and fixed hidden bug that caused an error when starting the application from local network;
• Fixed bug that caused the web page request method to fail if server disconnected

Version 2.5.2p (executor version 1.4u):
• Added ability to accept/decline ADP at first start to the application info interface;

Version 2.5.1p (executor version 1.4u):
• Updated application info interface (more convenient font is used for now);
• Added a button to access the Application development policy and EULA in the application info interface (due to ADP update);
• Added automatic check for updates to the application info interface

Version 2.5h (executor version 1.4u):
• New application info interface implemented

Version 2.4.2L (executor version 1.4u):
• Applied correct representation of supported languages list

Version 2.4u (executor version 1.4u):
• Application namespace, icon and development environment have been unified;
• Localization system has been unified; added Russian localization

Version 2.3 (executor version 1.3):
• Keys combination input field improved;
• Main interface improved;
• .macro files from version 2.1 are compatible with current assembly

Version 2.2 (executor version 1.3):
• Some descriptions have been improved;
• Added “command execution with waiting of completion” operation code;
• .macro files from version 2.1 are compatible with current assembly

Version 2.1 (executor version 1.2):
• Publication on GitHub
